<?xml version='1.0' encoding='UTF-8'?>
<testsuite hostname="williams-air.mynet" name="ClockTest" tests="50" errors="0" failures="0" skipped="0" time="0.016" timestamp="2022-05-08T18:25:21">
          <properties>
      <property name="java.specification.version" value="18"/><property name="sun.jnu.encoding" value="UTF-8"/><property name="sun.arch.data.model" value="64"/><property name="java.vendor.url" value="https://github.com/Homebrew/homebrew-core/issues"/><property name="sun.boot.library.path" value="/opt/homebrew/Cellar/openjdk/18/libexec/openjdk.jdk/Contents/Home/lib"/><property name="sun.java.command" value="/opt/homebrew/Cellar/sbt/1.6.2/libexec/bin/sbt-launch.jar test"/><property name="jdk.debug" value="release"/><property name="sun.stderr.encoding" value="UTF-8"/><property name="java.specification.vendor" value="Oracle Corporation"/><property name="java.version.date" value="2022-03-22"/><property name="java.home" value="/opt/homebrew/Cellar/openjdk/18/libexec/openjdk.jdk/Contents/Home"/><property name="file.separator" value="/"/><property name="java.vm.compressedOopsMode" value="Zero based"/><property name="line.separator" value="
"/><property name="sun.stdout.encoding" value="UTF-8"/><property name="java.vm.specification.vendor" value="Oracle Corporation"/><property name="java.specification.name" value="Java Platform API Specification"/><property name="sun.management.compiler" value="HotSpot 64-Bit Tiered Compilers"/><property name="java.runtime.version" value="18+0"/><property name="user.name" value="williamburdett"/><property name="log4j.ignoreTCL" value="true"/><property name="file.encoding" value="UTF-8"/><property name="java.vendor.version" value="Homebrew"/><property name="java.io.tmpdir" value="/var/folders/f8/7ld0777j387f1fm6gqqv8pvc0000gn/T/"/><property name="java.version" value="18"/><property name="java.vm.specification.name" value="Java Virtual Machine Specification"/><property name="native.encoding" value="UTF-8"/><property name="java.library.path" value="/Users/williamburdett/Library/Java/Extensions:/Library/Java/Extensions:/Network/Library/Java/Extensions:/System/Library/Java/Extensions:/usr/lib/java:."/><property name="java.vendor" value="Homebrew"/><property name="scala.ext.dirs" value="/Users/williamburdett/.sbt/1.0/java9-rt-ext-homebrew_18"/><property name="sun.io.unicode.encoding" value="UnicodeBig"/><property name="socksNonProxyHosts" value="local|*.local|169.254/16|*.169.254/16"/><property name="java.class.path" value="/opt/homebrew/Cellar/sbt/1.6.2/libexec/bin/sbt-launch.jar"/><property name="java.vm.vendor" value="Homebrew"/><property name="jline.shutdownhook" value="false"/><property name="user.timezone" value="Europe/London"/><property name="java.vm.specification.version" value="18"/><property name="os.name" value="Mac OS X"/><property name="sun.java.launcher" value="SUN_STANDARD"/><property name="user.country" value="GB"/><property name="http.nonProxyHosts" value="local|*.local|169.254/16|*.169.254/16"/><property name="sun.cpu.endian" value="little"/><property name="user.home" value="/Users/williamburdett"/><property name="user.language" value="en"/><property name="sbt.script" value="/opt/homebrew/Cellar/sbt/1.6.2/libexec/bin/sbt"/><property name="swoval.tmpdir" value="/Users/williamburdett/.sbt/1.0"/><property name="apple.awt.application.name" value="Boot"/><property name="jline.esc.timeout" value="0"/><property name="ftp.nonProxyHosts" value="local|*.local|169.254/16|*.169.254/16"/><property name="path.separator" value=":"/><property name="os.version" value="11.3.1"/><property name="jna.nosys" value="true"/><property name="java.runtime.name" value="OpenJDK Runtime Environment"/><property name="java.vm.name" value="OpenJDK 64-Bit Server VM"/><property name="java.vendor.url.bug" value="https://github.com/Homebrew/homebrew-core/issues"/><property name="user.dir" value="/Users/williamburdett/Exercism/scala/clock"/><property name="os.arch" value="aarch64"/><property name="java.vm.info" value="mixed mode, sharing"/><property name="java.vm.version" value="18+0"/><property name="java.class.version" value="62.0"/>
    </properties>
          <testcase classname="ClockTest" name="on the hour" time="0.009">
                      
                    </testcase><testcase classname="ClockTest" name="past the hour" time="0.0">
                      
                    </testcase><testcase classname="ClockTest" name="midnight is zero hours" time="0.001">
                      
                    </testcase><testcase classname="ClockTest" name="hour rolls over" time="0.0">
                      
                    </testcase><testcase classname="ClockTest" name="hour rolls over continuously" time="0.0">
                      
                    </testcase><testcase classname="ClockTest" name="sixty minutes is next hour" time="0.0">
                      
                    </testcase><testcase classname="ClockTest" name="minutes roll over" time="0.001">
                      
                    </testcase><testcase classname="ClockTest" name="minutes roll over continuously" time="0.0">
                      
                    </testcase><testcase classname="ClockTest" name="hour and minutes roll over" time="0.0">
                      
                    </testcase><testcase classname="ClockTest" name="hour and minutes roll over continuously" time="0.0">
                      
                    </testcase><testcase classname="ClockTest" name="hour and minutes roll over to exactly midnight" time="0.001">
                      
                    </testcase><testcase classname="ClockTest" name="negative hour" time="0.0">
                      
                    </testcase><testcase classname="ClockTest" name="negative hour rolls over" time="0.0">
                      
                    </testcase><testcase classname="ClockTest" name="negative hour rolls over continuously" time="0.0">
                      
                    </testcase><testcase classname="ClockTest" name="negative minutes" time="0.0">
                      
                    </testcase><testcase classname="ClockTest" name="negative minutes roll over" time="0.0">
                      
                    </testcase><testcase classname="ClockTest" name="negative minutes roll over continuously" time="0.0">
                      
                    </testcase><testcase classname="ClockTest" name="negative hour and minutes both roll over" time="0.0">
                      
                    </testcase><testcase classname="ClockTest" name="negative hour and minutes both roll over continuously" time="0.0">
                      
                    </testcase><testcase classname="ClockTest" name="add minutes" time="0.0">
                      
                    </testcase><testcase classname="ClockTest" name="add no minutes" time="0.0">
                      
                    </testcase><testcase classname="ClockTest" name="add to next hour" time="0.0">
                      
                    </testcase><testcase classname="ClockTest" name="add more than one hour" time="0.0">
                      
                    </testcase><testcase classname="ClockTest" name="add more than two hours with carry" time="0.0">
                      
                    </testcase><testcase classname="ClockTest" name="add across midnight" time="0.0">
                      
                    </testcase><testcase classname="ClockTest" name="add more than one day (1500 min = 25 hrs)" time="0.0">
                      
                    </testcase><testcase classname="ClockTest" name="add more than two days" time="0.0">
                      
                    </testcase><testcase classname="ClockTest" name="subtract minutes" time="0.001">
                      
                    </testcase><testcase classname="ClockTest" name="subtract to previous hour" time="0.0">
                      
                    </testcase><testcase classname="ClockTest" name="subtract more than an hour" time="0.0">
                      
                    </testcase><testcase classname="ClockTest" name="subtract across midnight" time="0.0">
                      
                    </testcase><testcase classname="ClockTest" name="subtract more than two hours" time="0.0">
                      
                    </testcase><testcase classname="ClockTest" name="subtract more than two hours with borrow" time="0.0">
                      
                    </testcase><testcase classname="ClockTest" name="subtract more than one day (1500 min = 25 hrs)" time="0.0">
                      
                    </testcase><testcase classname="ClockTest" name="subtract more than two days" time="0.0">
                      
                    </testcase><testcase classname="ClockTest" name="clocks with same time" time="0.001">
                      
                    </testcase><testcase classname="ClockTest" name="clocks a minute apart" time="0.0">
                      
                    </testcase><testcase classname="ClockTest" name="clocks an hour apart" time="0.0">
                      
                    </testcase><testcase classname="ClockTest" name="clocks with hour overflow" time="0.0">
                      
                    </testcase><testcase classname="ClockTest" name="clocks with hour overflow by several days" time="0.0">
                      
                    </testcase><testcase classname="ClockTest" name="clocks with negative hour" time="0.0">
                      
                    </testcase><testcase classname="ClockTest" name="clocks with negative hour that wraps" time="0.0">
                      
                    </testcase><testcase classname="ClockTest" name="clocks with negative hour that wraps multiple times" time="0.0">
                      
                    </testcase><testcase classname="ClockTest" name="clocks with minute overflow" time="0.001">
                      
                    </testcase><testcase classname="ClockTest" name="clocks with minute overflow by several days" time="0.0">
                      
                    </testcase><testcase classname="ClockTest" name="clocks with negative minute" time="0.0">
                      
                    </testcase><testcase classname="ClockTest" name="clocks with negative minute that wraps" time="0.0">
                      
                    </testcase><testcase classname="ClockTest" name="clocks with negative minute that wraps multiple times" time="0.0">
                      
                    </testcase><testcase classname="ClockTest" name="clocks with negative hours and minutes" time="0.001">
                      
                    </testcase><testcase classname="ClockTest" name="clocks with negative hours and minutes that wrap" time="0.0">
                      
                    </testcase>
          <system-out><![CDATA[]]></system-out>
          <system-err><![CDATA[]]></system-err>
        </testsuite>